<?xml version="1.0" encoding="UTF-8"?>
<testng-results ignored="0" total="1" passed="1" failed="0" skipped="0">
  <reporter-output>
  </reporter-output>
  <suite started-at="2025-03-10T17:37:00 IST" name="Default suite" finished-at="2025-03-10T17:37:13 IST" duration-ms="13874">
    <groups>
    </groups>
    <test started-at="2025-03-10T17:37:00 IST" name="Default test" finished-at="2025-03-10T17:37:13 IST" duration-ms="13874">
      <class name="driverFactory.AppTest">
        <test-method signature="kickstart()[pri:0, instance:driverFactory.AppTest@385c9627]" started-at="2025-03-10T17:37:00 IST" name="kickstart" finished-at="2025-03-10T17:37:13 IST" duration-ms="13812" status="PASS">
          <reporter-output>
          </reporter-output>
        </test-method> <!-- kickstart -->
      </class> <!-- driverFactory.AppTest -->
    </test> <!-- Default test -->
  </suite> <!-- Default suite -->
</testng-results>
